<?xml version="1.0" encoding="UTF-8"?>
<!-- Generated by org.testng.reporters.JUnitXMLReporter -->
<testsuite ignored="0" hostname="Wilfy_Ausus" failures="0" tests="3" name="FlipBoard" time="46.394" errors="0" timestamp="2025-03-31T13:43:25 IST">
  <testcase classname="TestCases.FlipBoardLoginTest" name="validateGetStarted" time="0.285"/>
  <testcase classname="TestCases.FlipBoardLoginTest" name="chooseTopic" time="5.954"/>
  <testcase classname="TestCases.FlipBoardLoginTest" name="skippingNow" time="2.851"/>
</testsuite> <!-- FlipBoard -->
