<?xml version="1.0" encoding="UTF-8"?>
<!-- Generated by org.testng.reporters.JUnitXMLReporter -->
<testsuite ignored="0" hostname="Wilfy_Ausus" failures="0" tests="3" name="HeadSelection" time="68.043" errors="0" timestamp="2025-03-31T13:44:34 IST">
  <testcase classname="TestCases.HeaderSelectionTest" name="validateGetStarted" time="10.202"/>
  <testcase classname="TestCases.HeaderSelectionTest" name="getHeader" time="24.278"/>
  <testcase classname="TestCases.HeaderSelectionTest" name="getFooter" time="0.754"/>
</testsuite> <!-- HeadSelection -->
