<?xml version="1.0" encoding="UTF-8"?>
<testsuite xmlns:xsi="http://www.w3.org/2001/XMLSchema-instance" xsi:noNamespaceSchemaLocation="https://maven.apache.org/surefire/maven-surefire-plugin/xsd/surefire-test-report.xsd" name="TestSuite" time="130.804" tests="6" errors="0" skipped="0" failures="0">
  <properties>
[...]
</properties>
  <testcase name="validateGetStarted" classname="TestCases.FlipBoardLoginTest" time="0.836"/>
  <testcase name="chooseTopic" classname="TestCases.FlipBoardLoginTest" time="5.925"/>
  <testcase name="skippingNow" classname="TestCases.FlipBoardLoginTest" time="6.319"/>
  <testcase name="validateGetStarted" classname="TestCases.HeaderSelectionTest" time="8.44"/>
  <testcase name="getHeader" classname="TestCases.HeaderSelectionTest" time="24.293"/>
  <testcase name="getFooter" classname="TestCases.HeaderSelectionTest" time="1.453"/>
</testsuite>