<?xml version="1.0" encoding="UTF-8"?>
<!-- Generated by org.testng.reporters.JUnitXMLReporter -->
<testsuite ignored="0" hostname="Wilfy_Ausus" failures="0" tests="3" name="FlipBoard" time="54.646" errors="0" timestamp="2025-03-31T20:26:57 IST">
  <testcase classname="TestCases.FlipBoardLoginTest" name="validateGetStarted" time="0.517"/>
  <testcase classname="TestCases.FlipBoardLoginTest" name="chooseTopic" time="6.149"/>
  <testcase classname="TestCases.FlipBoardLoginTest" name="skippingNow" time="6.319"/>
</testsuite> <!-- FlipBoard -->
